<?xml version="1.0" encoding="UTF-8"?>
<testsuite xmlns:xsi="http://www.w3.org/2001/XMLSchema-instance" xsi:noNamespaceSchemaLocation="https://maven.apache.org/surefire/maven-surefire-plugin/xsd/surefire-test-report-3.0.xsd" version="3.0" name="com.devcalc.AppTest" time="0.024" tests="1" errors="0" skipped="0" failures="0">
  <properties>
    <property name="java.specification.version" value="21"/>
    <property name="sun.cpu.isalist" value="amd64"/>
    <property name="sun.jnu.encoding" value="Cp1252"/>
    <property name="java.class.path" value="F:\000_repositorios_da_faculdade\devcalc-api\devcalc-api\target\test-classes;F:\000_repositorios_da_faculdade\devcalc-api\devcalc-api\target\classes;C:\Users\dende\.m2\repository\junit\junit\3.8.1\junit-3.8.1.jar;C:\Users\dende\.m2\repository\io\javalin\javalin\6.2.0\javalin-6.2.0.jar;C:\Users\dende\.m2\repository\org\slf4j\slf4j-api\2.0.13\slf4j-api-2.0.13.jar;C:\Users\dende\.m2\repository\org\eclipse\jetty\jetty-server\11.0.21\jetty-server-11.0.21.jar;C:\Users\dende\.m2\repository\org\eclipse\jetty\jetty-http\11.0.21\jetty-http-11.0.21.jar;C:\Users\dende\.m2\repository\org\eclipse\jetty\jetty-util\11.0.21\jetty-util-11.0.21.jar;C:\Users\dende\.m2\repository\org\eclipse\jetty\jetty-io\11.0.21\jetty-io-11.0.21.jar;C:\Users\dende\.m2\repository\org\eclipse\jetty\toolchain\jetty-jakarta-servlet-api\5.0.2\jetty-jakarta-servlet-api-5.0.2.jar;C:\Users\dende\.m2\repository\org\eclipse\jetty\websocket\websocket-jetty-server\11.0.21\websocket-jetty-server-11.0.21.jar;C:\Users\dende\.m2\repository\org\eclipse\jetty\jetty-servlet\11.0.21\jetty-servlet-11.0.21.jar;C:\Users\dende\.m2\repository\org\eclipse\jetty\jetty-security\11.0.21\jetty-security-11.0.21.jar;C:\Users\dende\.m2\repository\org\eclipse\jetty\jetty-webapp\11.0.21\jetty-webapp-11.0.21.jar;C:\Users\dende\.m2\repository\org\eclipse\jetty\jetty-xml\11.0.21\jetty-xml-11.0.21.jar;C:\Users\dende\.m2\repository\org\eclipse\jetty\websocket\websocket-jetty-api\11.0.21\websocket-jetty-api-11.0.21.jar;C:\Users\dende\.m2\repository\org\eclipse\jetty\websocket\websocket-jetty-common\11.0.21\websocket-jetty-common-11.0.21.jar;C:\Users\dende\.m2\repository\org\eclipse\jetty\websocket\websocket-core-common\11.0.21\websocket-core-common-11.0.21.jar;C:\Users\dende\.m2\repository\org\eclipse\jetty\websocket\websocket-servlet\11.0.21\websocket-servlet-11.0.21.jar;C:\Users\dende\.m2\repository\org\eclipse\jetty\websocket\websocket-core-server\11.0.21\websocket-core-server-11.0.21.jar;C:\Users\dende\.m2\repository\org\jetbrains\kotlin\kotlin-stdlib-jdk8\1.9.24\kotlin-stdlib-jdk8-1.9.24.jar;C:\Users\dende\.m2\repository\org\jetbrains\kotlin\kotlin-stdlib\1.9.24\kotlin-stdlib-1.9.24.jar;C:\Users\dende\.m2\repository\org\jetbrains\annotations\13.0\annotations-13.0.jar;C:\Users\dende\.m2\repository\org\jetbrains\kotlin\kotlin-stdlib-jdk7\1.9.24\kotlin-stdlib-jdk7-1.9.24.jar;"/>
    <property name="java.vm.vendor" value="Oracle Corporation"/>
    <property name="sun.arch.data.model" value="64"/>
    <property name="user.variant" value=""/>
    <property name="java.vendor.url" value="https://java.oracle.com/"/>
    <property name="user.timezone" value="America/New_York"/>
    <property name="os.name" value="Windows 10"/>
    <property name="java.vm.specification.version" value="21"/>
    <property name="sun.java.launcher" value="SUN_STANDARD"/>
    <property name="user.country" value="BR"/>
    <property name="sun.boot.library.path" value="C:\Program Files\Java\jdk-21\bin"/>
    <property name="sun.java.command" value="C:\Users\dende\AppData\Local\Temp\surefire14675547328494966861\surefirebooter-20250504075951407_3.jar C:\Users\dende\AppData\Local\Temp\surefire14675547328494966861 2025-05-04T07-59-51_249-jvmRun1 surefire-20250504075951407_1tmp surefire_0-20250504075951407_2tmp"/>
    <property name="jdk.debug" value="release"/>
    <property name="surefire.test.class.path" value="F:\000_repositorios_da_faculdade\devcalc-api\devcalc-api\target\test-classes;F:\000_repositorios_da_faculdade\devcalc-api\devcalc-api\target\classes;C:\Users\dende\.m2\repository\junit\junit\3.8.1\junit-3.8.1.jar;C:\Users\dende\.m2\repository\io\javalin\javalin\6.2.0\javalin-6.2.0.jar;C:\Users\dende\.m2\repository\org\slf4j\slf4j-api\2.0.13\slf4j-api-2.0.13.jar;C:\Users\dende\.m2\repository\org\eclipse\jetty\jetty-server\11.0.21\jetty-server-11.0.21.jar;C:\Users\dende\.m2\repository\org\eclipse\jetty\jetty-http\11.0.21\jetty-http-11.0.21.jar;C:\Users\dende\.m2\repository\org\eclipse\jetty\jetty-util\11.0.21\jetty-util-11.0.21.jar;C:\Users\dende\.m2\repository\org\eclipse\jetty\jetty-io\11.0.21\jetty-io-11.0.21.jar;C:\Users\dende\.m2\repository\org\eclipse\jetty\toolchain\jetty-jakarta-servlet-api\5.0.2\jetty-jakarta-servlet-api-5.0.2.jar;C:\Users\dende\.m2\repository\org\eclipse\jetty\websocket\websocket-jetty-server\11.0.21\websocket-jetty-server-11.0.21.jar;C:\Users\dende\.m2\repository\org\eclipse\jetty\jetty-servlet\11.0.21\jetty-servlet-11.0.21.jar;C:\Users\dende\.m2\repository\org\eclipse\jetty\jetty-security\11.0.21\jetty-security-11.0.21.jar;C:\Users\dende\.m2\repository\org\eclipse\jetty\jetty-webapp\11.0.21\jetty-webapp-11.0.21.jar;C:\Users\dende\.m2\repository\org\eclipse\jetty\jetty-xml\11.0.21\jetty-xml-11.0.21.jar;C:\Users\dende\.m2\repository\org\eclipse\jetty\websocket\websocket-jetty-api\11.0.21\websocket-jetty-api-11.0.21.jar;C:\Users\dende\.m2\repository\org\eclipse\jetty\websocket\websocket-jetty-common\11.0.21\websocket-jetty-common-11.0.21.jar;C:\Users\dende\.m2\repository\org\eclipse\jetty\websocket\websocket-core-common\11.0.21\websocket-core-common-11.0.21.jar;C:\Users\dende\.m2\repository\org\eclipse\jetty\websocket\websocket-servlet\11.0.21\websocket-servlet-11.0.21.jar;C:\Users\dende\.m2\repository\org\eclipse\jetty\websocket\websocket-core-server\11.0.21\websocket-core-server-11.0.21.jar;C:\Users\dende\.m2\repository\org\jetbrains\kotlin\kotlin-stdlib-jdk8\1.9.24\kotlin-stdlib-jdk8-1.9.24.jar;C:\Users\dende\.m2\repository\org\jetbrains\kotlin\kotlin-stdlib\1.9.24\kotlin-stdlib-1.9.24.jar;C:\Users\dende\.m2\repository\org\jetbrains\annotations\13.0\annotations-13.0.jar;C:\Users\dende\.m2\repository\org\jetbrains\kotlin\kotlin-stdlib-jdk7\1.9.24\kotlin-stdlib-jdk7-1.9.24.jar;"/>
    <property name="sun.cpu.endian" value="little"/>
    <property name="user.home" value="C:\Users\dende"/>
    <property name="user.language" value="pt"/>
    <property name="java.specification.vendor" value="Oracle Corporation"/>
    <property name="java.version.date" value="2025-01-21"/>
    <property name="java.home" value="C:\Program Files\Java\jdk-21"/>
    <property name="file.separator" value="\"/>
    <property name="basedir" value="F:\000_repositorios_da_faculdade\devcalc-api\devcalc-api"/>
    <property name="java.vm.compressedOopsMode" value="Zero based"/>
    <property name="line.separator" value="&#10;"/>
    <property name="java.vm.specification.vendor" value="Oracle Corporation"/>
    <property name="java.specification.name" value="Java Platform API Specification"/>
    <property name="surefire.real.class.path" value="C:\Users\dende\AppData\Local\Temp\surefire14675547328494966861\surefirebooter-20250504075951407_3.jar"/>
    <property name="user.script" value=""/>
    <property name="sun.management.compiler" value="HotSpot 64-Bit Tiered Compilers"/>
    <property name="java.runtime.version" value="21.0.6+8-LTS-188"/>
    <property name="user.name" value="dende"/>
    <property name="stdout.encoding" value="Cp1252"/>
    <property name="path.separator" value=";"/>
    <property name="os.version" value="10.0"/>
    <property name="java.runtime.name" value="Java(TM) SE Runtime Environment"/>
    <property name="file.encoding" value="UTF-8"/>
    <property name="java.vm.name" value="Java HotSpot(TM) 64-Bit Server VM"/>
    <property name="localRepository" value="C:\Users\dende\.m2\repository"/>
    <property name="java.vendor.url.bug" value="https://bugreport.java.com/bugreport/"/>
    <property name="java.io.tmpdir" value="C:\Users\dende\AppData\Local\Temp\"/>
    <property name="java.version" value="21.0.6"/>
    <property name="user.dir" value="F:\000_repositorios_da_faculdade\devcalc-api\devcalc-api"/>
    <property name="os.arch" value="amd64"/>
    <property name="java.vm.specification.name" value="Java Virtual Machine Specification"/>
    <property name="sun.os.patch.level" value=""/>
    <property name="native.encoding" value="Cp1252"/>
    <property name="java.library.path" value="C:\Program Files\Java\jdk-21\bin;C:\Windows\Sun\Java\bin;C:\Windows\system32;C:\Windows;C:\Program Files\Common Files\Oracle\Java\javapath;C:\Program Files\Eclipse Adoptium\jdk-21.0.6.7-hotspot\bin;C:\Python312\Scripts\;C:\Python312\;C:\Windows\system32;C:\Windows;C:\Windows\System32\Wbem;C:\Windows\System32\WindowsPowerShell\v1.0\;C:\Windows\System32\OpenSSH\;C:\Program Files\nodejs\;C:\ProgramData\chocolatey\bin;C:\Program Files\Git\cmd;C:\Program Files\GitHub CLI\;C:\ProgramData\chocolatey\lib\maven\apache-maven-3.9.9\bin;C:\Program Files\Docker\Docker\resources\bin;C:\Users\dende\AppData\Local\Microsoft\WindowsApps;C:\Users\dende\AppData\Roaming\npm;C:\Users\dende\AppData\Local\Programs\Microsoft VS Code\bin;C:\Program Files\PostgreSQL\17\bin;C:\Program Files\PostgreSQL\17\bin;C:\Users\dende\AppData\Local\Microsoft\WindowsApps;C:\Users\dende\AppData\Roaming\npm;C:\Users\dende\AppData\Local\Programs\Microsoft VS Code\bin;."/>
    <property name="java.vm.info" value="mixed mode, sharing"/>
    <property name="stderr.encoding" value="Cp1252"/>
    <property name="java.vendor" value="Oracle Corporation"/>
    <property name="java.vm.version" value="21.0.6+8-LTS-188"/>
    <property name="sun.io.unicode.encoding" value="UnicodeLittle"/>
    <property name="java.class.version" value="65.0"/>
  </properties>
  <testcase name="testApp" classname="com.devcalc.AppTest" time="0.004"/>
</testsuite>